<?xml version="1.0" encoding="UTF-8"?>
<!-- Generated by org.testng.reporters.JUnitReportReporter -->
<testsuite hostname="DESKTOP-AB22GKM" failures="0" tests="4" name="RestTest.E_commerce" time="15.952" errors="0" timestamp="16 Mar 2022 08:39:30 GMT">
  <testcase classname="RestTest.E_commerce" name="signup" time="7.827"/>
  <testcase classname="RestTest.E_commerce" name="login" time="3.780"/>
  <testcase classname="RestTest.E_commerce" name="deleteuser" time="1.691"/>
  <testcase classname="RestTest.E_commerce" name="getusers" time="2.654"/>
</testsuite> <!-- RestTest.E_commerce -->
