<?xml version="1.0" encoding="UTF-8"?>
<!-- Generated by org.testng.reporters.JUnitReportReporter -->
<testsuite hostname="DESKTOP-AB22GKM" failures="0" tests="3" name="RestTest.Trello" time="5.509" errors="0" timestamp="15 Mar 2022 15:53:20 GMT">
  <testcase classname="RestTest.Trello" name="DeleteBoard" time="0.895"/>
  <testcase classname="RestTest.Trello" name="createBoard" time="3.945"/>
  <testcase classname="RestTest.Trello" name="getBoard" time="0.669"/>
</testsuite> <!-- RestTest.Trello -->
