<?xml version="1.0" encoding="UTF-8"?>
<!-- Generated by org.testng.reporters.JUnitReportReporter -->
<testsuite hostname="DESKTOP-AB22GKM" failures="0" tests="2" name="RestTest.TestNG" time="0.015" errors="0" timestamp="15 Mar 2022 03:22:58 GMT">
  <testcase classname="RestTest.TestNG" name="TestCase1" time="0.010"/>
  <testcase classname="RestTest.TestNG" name="TestCase2" time="0.005"/>
</testsuite> <!-- RestTest.TestNG -->
